<?xml version="1.0" encoding="UTF-8"?>
<!-- Generated by org.testng.reporters.JUnitReportReporter -->
<testsuite hostname="DESKTOP-RVC0DF7" failures="0" tests="1" name="integrationTestCases.AddToCartVerifyCheckOutTest" time="1.457" errors="0" timestamp="2023-01-10T09:31:02 IST" skipped="0">
  <testcase classname="integrationTestCases.AddToCartVerifyCheckOutTest" name="addToCartAndVerifyCheckOut" time="1.457"/>
  <system-out/>
</testsuite> <!-- integrationTestCases.AddToCartVerifyCheckOutTest -->
